number,value,datetime_start,datetime_complete,duration,params_d_model,params_dropout,params_ff_mult,params_lr,params_n_heads,params_n_layers,params_weight_decay,state
0,,2026-06-24 01:37:11.447336,2026-06-24 01:37:14.163641,0 days 00:00:02.716305,256,0.15000000000000002,4,0.0004588788837697765,4,7,2.607713480492382e-07,PRUNED
1,,2026-06-24 01:37:14.164680,2026-06-24 01:37:15.497280,0 days 00:00:01.332600,512,0.15000000000000002,2,0.00028952986460373573,4,10,2.0827840867054533e-07,PRUNED
2,,2026-06-24 01:37:15.498355,2026-06-24 01:37:17.373575,0 days 00:00:01.875220,1024,0.2,2,0.00010666128301300287,8,3,2.2964236986032917e-07,PRUNED
3,,2026-06-24 01:37:17.374538,2026-06-24 01:37:18.056410,0 days 00:00:00.681872,256,0.1,4,0.0001476496432361622,4,10,1.866933094506397e-07,PRUNED
4,,2026-06-24 01:37:18.057285,2026-06-24 01:37:20.773572,0 days 00:00:02.716287,1024,0.2,2,0.00015227664257516082,16,6,4.438167156217708e-07,PRUNED
5,,2026-06-24 01:37:20.774532,2026-06-24 01:37:21.182724,0 days 00:00:00.408192,128,0.15000000000000002,4,0.00011347460974478336,4,5,2.8029509889949816e-07,PRUNED
6,,2026-06-24 01:37:21.183685,2026-06-24 01:37:21.774644,0 days 00:00:00.590959,256,0.1,2,0.0001342406096425356,16,3,5.627644861728136e-07,PRUNED
7,,2026-06-24 01:37:21.775618,2026-06-24 01:37:24.324388,0 days 00:00:02.548770,1024,0.2,2,0.00024220885554703534,8,8,5.737843516198623e-07,PRUNED
8,,2026-06-24 01:37:24.325307,2026-06-24 01:37:25.272189,0 days 00:00:00.946882,512,0.15000000000000002,4,0.0003053217227747318,4,3,7.060939826328992e-07,PRUNED
9,,2026-06-24 01:37:25.273145,2026-06-24 01:37:26.466569,0 days 00:00:01.193424,1024,0.2,4,0.0003196169842320856,4,2,5.35453528603513e-07,PRUNED
10,,2026-06-24 01:37:26.467479,2026-06-24 01:37:27.390042,0 days 00:00:00.922563,256,0.1,4,0.0004983917261856052,8,12,1.2730759019095483e-07,PRUNED
11,,2026-06-24 01:37:27.390984,2026-06-24 01:37:28.480983,0 days 00:00:01.089999,512,0.15000000000000002,2,0.0004938204171857634,4,8,1.514047726978291e-07,PRUNED
12,,2026-06-24 01:37:28.481920,2026-06-24 01:37:29.824239,0 days 00:00:01.342319,512,0.15000000000000002,2,0.00037156546044058683,4,10,3.5118177583020106e-07,PRUNED
13,,2026-06-24 01:37:29.825187,2026-06-24 01:37:30.333513,0 days 00:00:00.508326,128,0.15000000000000002,4,0.00020968608312291662,4,10,1.0799780167021954e-07,PRUNED
14,,2026-06-24 01:37:30.334543,2026-06-24 01:37:32.010628,0 days 00:00:01.676085,512,0.15000000000000002,2,0.0003899130082911839,4,12,2.0450851706997743e-07,PRUNED
15,,2026-06-24 01:37:32.011616,2026-06-24 01:37:32.728062,0 days 00:00:00.716446,256,0.1,4,0.00022105463608136443,16,7,3.184287715785299e-07,PRUNED
16,,2026-06-24 01:37:32.729142,2026-06-24 01:37:34.347126,0 days 00:00:01.617984,512,0.15000000000000002,4,0.00027603114369924807,4,9,1.6641679718796924e-07,PRUNED
17,,2026-06-24 01:37:34.348156,2026-06-24 01:37:34.930432,0 days 00:00:00.582276,256,0.2,2,0.00040132235290857467,4,5,2.5292191715791276e-07,PRUNED
18,,2026-06-24 01:37:34.931380,2026-06-24 01:37:35.665279,0 days 00:00:00.733899,128,0.1,4,0.00019491493750880174,8,11,3.910406349829708e-07,PRUNED
19,,2026-06-24 01:37:35.666229,2026-06-24 01:37:36.332448,0 days 00:00:00.666219,256,0.15000000000000002,2,0.000342676954986655,16,7,1.395273550531675e-07,PRUNED
20,,2026-06-24 01:37:36.333515,2026-06-24 01:37:37.773850,0 days 00:00:01.440335,512,0.15000000000000002,4,0.0004332012990131099,4,8,9.61176952978325e-07,PRUNED
21,,2026-06-24 01:37:37.774777,2026-06-24 01:37:39.331659,0 days 00:00:01.556882,1024,0.2,2,0.00018134749721051953,8,4,2.3119378063213025e-07,PRUNED
22,,2026-06-24 01:37:39.332537,2026-06-24 01:37:41.886923,0 days 00:00:02.554386,1024,0.2,2,0.00010100542673823818,8,6,2.1523752115674124e-07,PRUNED
23,,2026-06-24 01:37:41.887898,2026-06-24 01:37:45.515428,0 days 00:00:03.627530,1024,0.15000000000000002,2,0.0002623706252132937,8,9,2.8237237760018526e-07,PRUNED
24,0.25639501959085464,2026-06-24 01:37:45.516352,2026-06-24 01:44:24.795434,0 days 00:06:39.279082,256,0.2,2,0.0001794288723403524,8,2,1.8459818044677252e-07,COMPLETE
25,0.2351285070180893,2026-06-24 01:44:24.797940,2026-06-24 01:51:12.420143,0 days 00:06:47.622203,256,0.15000000000000002,2,0.00017194234793993998,8,2,1.828117130661226e-07,COMPLETE
26,0.22271569818258286,2026-06-24 01:51:12.422350,2026-06-24 01:58:20.124023,0 days 00:07:07.701673,256,0.15000000000000002,2,0.00015863357520638766,8,2,1.0007399348079178e-07,COMPLETE
27,0.24498119577765465,2026-06-24 01:58:20.128072,2026-06-24 02:05:10.746345,0 days 00:06:50.618273,256,0.2,2,0.00017009919743157825,8,2,1.0408036995805431e-07,COMPLETE
28,0.23318172246217728,2026-06-24 02:05:10.748583,2026-06-24 02:11:48.458343,0 days 00:06:37.709760,256,0.2,2,0.00015767287437988518,8,2,1.121016276732938e-07,COMPLETE
29,,2026-06-24 02:11:48.460294,2026-06-24 02:11:49.432477,0 days 00:00:00.972183,256,0.15000000000000002,2,0.00012843896505541737,8,4,1.2211651102546362e-07,PRUNED
30,,2026-06-24 02:11:49.433924,2026-06-24 02:11:50.021284,0 days 00:00:00.587360,256,0.15000000000000002,2,0.00012285969579220785,8,4,1.2357372250559083e-07,PRUNED
31,0.236507348716259,2026-06-24 02:11:50.023000,2026-06-24 02:18:40.383418,0 days 00:06:50.360418,256,0.2,2,0.0001638264862128525,8,2,1.0020859685966213e-07,COMPLETE
32,0.24428176507353783,2026-06-24 02:18:40.385181,2026-06-24 02:25:28.717922,0 days 00:06:48.332741,256,0.2,2,0.00015417889709779122,8,2,1.04357062680808e-07,COMPLETE
33,,2026-06-24 02:25:28.719627,2026-06-24 02:25:30.281426,0 days 00:00:01.561799,256,0.2,2,0.0001664838445600793,8,3,1.5491660553408864e-07,PRUNED
34,,2026-06-24 02:25:30.282897,2026-06-24 02:25:31.012222,0 days 00:00:00.729325,256,0.15000000000000002,2,0.00014257778934394122,8,3,1.3221980494831054e-07,PRUNED
35,0.25460391864180565,2026-06-24 02:25:31.013921,2026-06-24 02:32:39.611861,0 days 00:07:08.597940,256,0.2,2,0.00019588362239015322,8,2,1.003998505072074e-07,COMPLETE
36,,2026-06-24 02:32:39.614635,2026-06-24 02:32:40.891274,0 days 00:00:01.276639,256,0.2,2,0.00015877084120683092,8,4,1.1494973189263054e-07,PRUNED
37,,2026-06-24 02:32:40.895262,2026-06-24 02:32:41.550722,0 days 00:00:00.655460,256,0.2,2,0.00014113466964372248,8,5,1.707974582955593e-07,PRUNED
38,0.25648200139403343,2026-06-24 02:32:41.553681,2026-06-24 02:38:08.909923,0 days 00:05:27.356242,128,0.1,2,0.00011786313264863136,8,3,1.445588815584988e-07,COMPLETE
39,0.22835703194141388,2026-06-24 02:38:08.911562,2026-06-24 02:45:47.719762,0 days 00:07:38.808200,256,0.15000000000000002,2,0.00019569238343499954,16,2,1.8457896505243442e-07,COMPLETE
40,,2026-06-24 02:45:47.721752,2026-06-24 02:45:48.930694,0 days 00:00:01.208942,256,0.15000000000000002,2,0.00019372011770630584,16,3,1.9248066091292269e-07,PRUNED
41,,2026-06-24 02:45:48.932427,2026-06-24 02:45:49.837270,0 days 00:00:00.904843,256,0.15000000000000002,2,0.00023799347285865662,16,2,1.1493279654130752e-07,PRUNED
42,0.2278950810432434,2026-06-24 02:45:49.839171,2026-06-24 02:53:30.225133,0 days 00:07:40.385962,256,0.1,2,0.0001744212969944921,16,2,1.3272551234942422e-07,COMPLETE
43,,2026-06-24 02:53:30.226868,2026-06-24 02:53:31.197779,0 days 00:00:00.970911,256,0.1,2,0.00018039845386280638,16,3,1.4516249253769556e-07,PRUNED
44,,2026-06-24 02:53:31.199386,2026-06-24 02:53:31.888452,0 days 00:00:00.689066,256,0.1,2,0.00020877174733845792,16,2,1.5926126129058448e-07,PRUNED
45,,2026-06-24 02:53:31.890142,2026-06-24 02:53:32.809024,0 days 00:00:00.918882,256,0.15000000000000002,2,0.00014752003478243892,16,4,1.3559188142642583e-07,PRUNED
46,,2026-06-24 02:53:32.810592,2026-06-24 02:53:33.305670,0 days 00:00:00.495078,256,0.1,2,0.00013114767967586295,16,3,1.1575752134094236e-07,PRUNED
47,0.22570175305008888,2026-06-24 02:53:33.307139,2026-06-24 02:58:14.325982,0 days 00:04:41.018843,128,0.15000000000000002,2,0.00022655545361388279,16,2,1.766850498914009e-07,COMPLETE
48,0.22653982415795326,2026-06-24 02:58:14.327722,2026-06-24 03:05:09.501036,0 days 00:06:55.173314,128,0.1,2,0.00022969581146393674,16,3,1.3217729032990628e-07,COMPLETE
49,0.2445332109928131,2026-06-24 03:05:09.502868,2026-06-24 03:16:33.232558,0 days 00:11:23.729690,128,0.1,2,0.0002469566206865985,16,5,1.6949355951846528e-07,COMPLETE
50,0.22453255951404572,2026-06-24 03:16:33.234349,2026-06-24 03:23:33.117074,0 days 00:06:59.882725,128,0.1,2,0.00021342019575489596,16,3,2.4422923416904367e-07,COMPLETE
51,0.2449212148785591,2026-06-24 03:23:33.119005,2026-06-24 03:30:29.833149,0 days 00:06:56.714144,128,0.1,2,0.00022603775526855782,16,3,2.1676792364784466e-07,COMPLETE
52,0.2393059954047203,2026-06-24 03:30:29.835008,2026-06-24 03:37:34.805456,0 days 00:07:04.970448,128,0.1,2,0.0002123306962887021,16,3,2.4468448166216546e-07,COMPLETE
53,0.23105495795607567,2026-06-24 03:37:34.807215,2026-06-24 03:46:57.721534,0 days 00:09:22.914319,128,0.1,2,0.00028947475364271823,16,4,2.0209315821530344e-07,COMPLETE
54,0.24123698472976685,2026-06-24 03:46:57.723957,2026-06-24 03:52:20.146089,0 days 00:05:22.422132,128,0.1,2,0.00023241998095245182,16,2,2.7008073384121643e-07,COMPLETE
55,0.23473233357071877,2026-06-24 03:52:20.149656,2026-06-24 03:59:50.469439,0 days 00:07:30.319783,128,0.1,4,0.00025255935489076924,16,3,1.7651118688207676e-07,COMPLETE
56,,2026-06-24 03:59:50.471368,2026-06-24 03:59:51.451420,0 days 00:00:00.980052,128,0.1,2,0.00020151080062309176,16,6,3.0160574408074265e-07,PRUNED
57,,2026-06-24 03:59:51.453034,2026-06-24 03:59:52.032245,0 days 00:00:00.579211,128,0.15000000000000002,2,0.0002193579506021503,16,2,1.2850343906247212e-07,PRUNED
58,0.2258307784795761,2026-06-24 03:59:52.033818,2026-06-24 04:09:31.824521,0 days 00:09:39.790703,128,0.1,4,0.0002569863095967175,16,4,2.3540788254621235e-07,COMPLETE
59,0.22747497260570526,2026-06-24 04:09:31.826169,2026-06-24 04:19:10.970686,0 days 00:09:39.144517,128,0.1,4,0.00026879615530262256,16,4,3.5560477039451584e-07,COMPLETE
60,,2026-06-24 04:19:10.972680,2026-06-24 04:19:11.764171,0 days 00:00:00.791491,128,0.1,4,0.0003043596192193425,16,5,4.1320938521265013e-07,PRUNED
61,,2026-06-24 04:19:11.765857,2026-06-24 04:19:12.430760,0 days 00:00:00.664903,128,0.1,4,0.00027666237100438276,16,4,3.428913061043915e-07,PRUNED
62,0.22657600417733192,2026-06-24 04:19:12.432402,2026-06-24 04:28:52.157566,0 days 00:09:39.725164,128,0.1,4,0.0002668865258238255,16,4,4.685609934902894e-07,COMPLETE
63,,2026-06-24 04:28:52.159435,2026-06-24 04:28:52.962546,0 days 00:00:00.803111,128,0.1,4,0.0002614695246191733,16,5,5.067915934442731e-07,PRUNED
64,,2026-06-24 04:28:52.964207,2026-06-24 04:28:53.619416,0 days 00:00:00.655209,128,0.1,4,0.00030759920982856667,16,4,3.6800665974397056e-07,PRUNED
65,0.22143904864788055,2026-06-24 04:28:53.621213,2026-06-24 04:38:32.800211,0 days 00:09:39.178998,128,0.1,4,0.00027862139362031473,16,4,4.7187394160815817e-07,COMPLETE
66,,2026-06-24 04:38:32.802120,2026-06-24 04:38:33.684972,0 days 00:00:00.882852,128,0.1,4,0.0003440044064534364,16,6,6.546931693389625e-07,PRUNED
67,,2026-06-24 04:38:33.686627,2026-06-24 04:38:34.424192,0 days 00:00:00.737565,128,0.1,4,0.0002851645371804766,16,4,4.7637345868214286e-07,PRUNED
68,,2026-06-24 04:38:34.425965,2026-06-24 04:38:35.190386,0 days 00:00:00.764421,128,0.1,4,0.00033259501855030044,16,5,6.119450914149527e-07,PRUNED
69,,2026-06-24 04:38:35.192006,2026-06-24 04:38:35.817421,0 days 00:00:00.625415,128,0.1,4,0.0002480544551624706,4,3,2.3237405993826294e-07,PRUNED
70,,2026-06-24 04:38:35.819233,2026-06-24 04:38:36.956924,0 days 00:00:01.137691,512,0.1,4,0.0002332360876590199,16,3,4.789916930371331e-07,PRUNED
71,,2026-06-24 04:38:36.958597,2026-06-24 04:38:37.556343,0 days 00:00:00.597746,128,0.1,4,0.00026574546250499384,16,4,4.258529147812448e-07,PRUNED
72,0.21540724858641624,2026-06-24 04:38:37.558109,2026-06-24 04:48:17.355743,0 days 00:09:39.797634,128,0.1,4,0.00027298525825010105,16,4,3.243801084833132e-07,COMPLETE
73,0.2495027370750904,2026-06-24 04:48:17.357826,2026-06-24 04:55:36.352803,0 days 00:07:18.994977,128,0.1,4,0.00025258705834328764,16,3,3.238338570799952e-07,COMPLETE
74,,2026-06-24 04:55:36.354913,2026-06-24 04:55:40.277346,0 days 00:00:03.922433,1024,0.1,4,0.00030725866226624865,16,5,3.033464650238392e-07,PRUNED
75,,2026-06-24 04:55:40.279083,2026-06-24 04:55:41.016718,0 days 00:00:00.737635,128,0.1,4,0.00028188135171749025,16,4,8.316495825616307e-07,PRUNED
76,0.24341998249292374,2026-06-24 04:55:41.018431,2026-06-24 05:02:59.258439,0 days 00:07:18.240008,128,0.1,4,0.00029690829845040233,16,3,3.8457274170989307e-07,COMPLETE
77,0.19205930456519127,2026-06-24 05:02:59.260270,2026-06-24 05:12:39.480832,0 days 00:09:40.220562,128,0.1,4,0.00036246867735406906,16,4,2.636997308091531e-07,COMPLETE
78,,2026-06-24 05:12:39.482695,2026-06-24 05:12:40.133406,0 days 00:00:00.650711,128,0.1,4,0.00044882162173852407,4,7,2.5575503089893805e-07,PRUNED
79,,2026-06-24 05:12:40.134777,2026-06-24 05:12:41.062968,0 days 00:00:00.928191,512,0.15000000000000002,4,0.0003516600576990708,16,5,2.2889009277084363e-07,PRUNED
80,0.21211617812514305,2026-06-24 05:12:41.065260,2026-06-24 05:17:37.701367,0 days 00:04:56.636107,128,0.1,4,0.00039320016168538423,16,2,2.690890000758669e-07,COMPLETE
81,0.2427927814424038,2026-06-24 05:17:37.703079,2026-06-24 05:22:33.505931,0 days 00:04:55.802852,128,0.1,4,0.00042592236492238963,16,2,2.854768222750782e-07,COMPLETE
82,0.21831360831856728,2026-06-24 05:22:33.507743,2026-06-24 05:27:30.078578,0 days 00:04:56.570835,128,0.1,4,0.0003655958642128163,16,2,2.6591805123586777e-07,COMPLETE
83,0.22615179046988487,2026-06-24 05:27:30.080399,2026-06-24 05:32:26.124564,0 days 00:04:56.044165,128,0.1,4,0.0003812686192314672,16,2,2.677825455125356e-07,COMPLETE
84,,2026-06-24 05:32:26.126538,2026-06-24 05:32:27.914796,0 days 00:00:01.788258,1024,0.1,4,0.0004121634981011439,16,2,2.440664607435156e-07,PRUNED
85,,2026-06-24 05:32:27.916435,2026-06-24 05:32:28.501392,0 days 00:00:00.584957,128,0.1,4,0.0004757361155494597,16,2,2.8707819797024445e-07,PRUNED
86,0.2261427566409111,2026-06-24 05:32:28.503103,2026-06-24 05:39:44.900882,0 days 00:07:16.397779,128,0.15000000000000002,4,0.0003594792494400743,16,3,2.228652019097035e-07,COMPLETE
87,0.24006538465619087,2026-06-24 05:39:44.902764,2026-06-24 05:44:41.106361,0 days 00:04:56.203597,128,0.1,4,0.00039714212880057,16,2,3.3537241623436093e-07,COMPLETE
88,0.23183398693799973,2026-06-24 05:44:41.108602,2026-06-24 05:51:58.262475,0 days 00:07:17.153873,128,0.1,4,0.0003373297078214809,16,3,2.0882969516517744e-07,COMPLETE
89,,2026-06-24 05:51:58.264186,2026-06-24 05:51:59.151910,0 days 00:00:00.887724,128,0.1,4,0.0003688049237051138,16,11,3.088243782777018e-07,PRUNED
90,,2026-06-24 05:51:59.153467,2026-06-24 05:51:59.698102,0 days 00:00:00.544635,128,0.15000000000000002,4,0.00032618870547536133,4,2,2.4030120896712034e-07,PRUNED
91,0.22520240768790245,2026-06-24 05:51:59.699777,2026-06-24 05:59:16.622597,0 days 00:07:16.922820,128,0.15000000000000002,4,0.00039341245062167457,16,3,2.2165834630145902e-07,COMPLETE
92,0.23314040899276733,2026-06-24 05:59:16.624403,2026-06-24 06:06:34.193718,0 days 00:07:17.569315,128,0.15000000000000002,4,0.00037824667027507486,16,3,2.6078091559499937e-07,COMPLETE
93,0.23499392718076706,2026-06-24 06:06:34.195508,2026-06-24 06:11:30.843014,0 days 00:04:56.647506,128,0.15000000000000002,4,0.0004115760615257429,16,2,2.8137072669710496e-07,COMPLETE
94,0.22865549474954605,2026-06-24 06:11:30.845052,2026-06-24 06:21:10.888694,0 days 00:09:40.043642,128,0.15000000000000002,4,0.00036345304763872144,16,4,1.9432386319671982e-07,COMPLETE
95,0.23220351338386536,2026-06-24 06:21:10.890472,2026-06-24 06:28:29.116396,0 days 00:07:18.225924,128,0.15000000000000002,4,0.00031913242890421235,16,3,2.0400708712937862e-07,COMPLETE
96,,2026-06-24 06:28:29.118127,2026-06-24 06:28:30.040286,0 days 00:00:00.922159,512,0.1,4,0.0002418564717055503,16,2,2.562520599657163e-07,PRUNED
97,,2026-06-24 06:28:30.041883,2026-06-24 06:28:30.525600,0 days 00:00:00.483717,128,0.15000000000000002,4,0.00045290986807618286,16,3,2.1617282197599477e-07,PRUNED
98,,2026-06-24 06:28:30.527175,2026-06-24 06:28:35.118339,0 days 00:00:04.591164,1024,0.1,4,0.00021969232933852863,8,9,3.2508004346172025e-07,PRUNED
99,,2026-06-24 06:28:35.120074,2026-06-24 06:28:35.634918,0 days 00:00:00.514844,128,0.15000000000000002,4,0.0001888102258766534,16,4,2.392380850251521e-07,PRUNED
